<?xml version="1.0" encoding="UTF-8"?>
<!-- Generated by org.testng.reporters.JUnitXMLReporter -->
<testsuite hostname="SRIKJ-M-Q0BU" name="Test" tests="3" failures="0" timestamp="19 Aug 2014 12:30:51 GMT" time="0.04" errors="0">
  <testcase name="rhombusAreaWithBaseAndAngle" time="0.023" classname="com.cisco.shapes.test.RhombusTest"/>
  <testcase name="rhombusAreaWithBaseAndHeight" time="0.001" classname="com.cisco.shapes.test.RhombusTest"/>
  <testcase name="rhombusAreaWithDiagonals" time="0.0" classname="com.cisco.shapes.test.RhombusTest"/>
</testsuite> <!-- Test -->
