<?xml version="1.0" encoding="UTF-8"?>
<testng-results skipped="0" failed="0" total="3" passed="3">
  <reporter-output>
  </reporter-output>
  <suite name="Suite" duration-ms="40" started-at="2014-08-19T12:30:50Z" finished-at="2014-08-19T12:30:50Z">
    <groups>
    </groups>
    <test name="Test" duration-ms="40" started-at="2014-08-19T12:30:50Z" finished-at="2014-08-19T12:30:50Z">
      <class name="com.cisco.shapes.test.RhombusTest">
        <test-method status="PASS" signature="rhombusAreaWithBaseAndAngle()[pri:0, instance:com.cisco.shapes.test.RhombusTest@2256deba]" name="rhombusAreaWithBaseAndAngle" duration-ms="23" started-at="2014-08-19T18:00:50Z" finished-at="2014-08-19T18:00:50Z">
          <reporter-output>
          </reporter-output>
        </test-method> <!-- rhombusAreaWithBaseAndAngle -->
        <test-method status="PASS" signature="rhombusAreaWithBaseAndHeight()[pri:0, instance:com.cisco.shapes.test.RhombusTest@2256deba]" name="rhombusAreaWithBaseAndHeight" duration-ms="1" started-at="2014-08-19T18:00:50Z" finished-at="2014-08-19T18:00:50Z">
          <reporter-output>
          </reporter-output>
        </test-method> <!-- rhombusAreaWithBaseAndHeight -->
        <test-method status="PASS" signature="rhombusAreaWithDiagonals()[pri:0, instance:com.cisco.shapes.test.RhombusTest@2256deba]" name="rhombusAreaWithDiagonals" duration-ms="0" started-at="2014-08-19T18:00:50Z" finished-at="2014-08-19T18:00:50Z">
          <reporter-output>
          </reporter-output>
        </test-method> <!-- rhombusAreaWithDiagonals -->
      </class> <!-- com.cisco.shapes.test.RhombusTest -->
    </test> <!-- Test -->
  </suite> <!-- Suite -->
</testng-results>
